<?xml version="1.0" encoding="UTF-8"?>
<testng-results ignored="0" total="1" passed="1" failed="0" skipped="0">
  <reporter-output>
  </reporter-output>
  <suite started-at="2024-08-18T14:16:47 IST" name="Default suite" finished-at="2024-08-18T14:17:03 IST" duration-ms="16171">
    <groups>
    </groups>
    <test started-at="2024-08-18T14:16:47 IST" name="Default test" finished-at="2024-08-18T14:17:03 IST" duration-ms="16171">
      <class name="ATB6X_LEARNING_SELENIUM.Selenium.SeleniumPractise">
        <test-method is-config="true" signature="URL()[pri:0, instance:ATB6X_LEARNING_SELENIUM.Selenium.SeleniumPractise@2ddc9a9f]" started-at="2024-08-18T14:16:47 IST" name="URL" finished-at="2024-08-18T14:16:58 IST" duration-ms="11180" status="PASS">
          <reporter-output>
          </reporter-output>
        </test-method> <!-- URL -->
        <test-method signature="Run()[pri:0, instance:ATB6X_LEARNING_SELENIUM.Selenium.SeleniumPractise@2ddc9a9f]" started-at="2024-08-18T14:16:58 IST" name="Run" finished-at="2024-08-18T14:17:03 IST" duration-ms="4922" status="PASS">
          <reporter-output>
          </reporter-output>
        </test-method> <!-- Run -->
      </class> <!-- ATB6X_LEARNING_SELENIUM.Selenium.SeleniumPractise -->
    </test> <!-- Default test -->
  </suite> <!-- Default suite -->
</testng-results>
